15:17:48.028 INFO  org.contentmine.ami.tools.AMI - args: [-p, C:\Users\shweata\fun_projects\corpus\ethics_statement_10, section]
15:17:48.052 DEBUG org.contentmine.ami.tools.AMI - Specified verbosity=0, this translates to level=WARN
15:17:48.052 DEBUG org.contentmine.ami.tools.AMI - Reconfiguring Console appender with WARN
15:17:48.052 INFO  org.contentmine.ami.tools.AMI - (The console will show WARN level messages)
15:17:48.052 INFO  org.contentmine.ami.tools.AMI - (Logs will also be printed to C:\Users\shweata\fun_projects\logs\ami.log)
15:17:48.061 DEBUG org.contentmine.ami.tools.AMI - Version: ami 2020.08.09_09.54-NEXT-SNAPSHOT
(jar:file:/C:/Users/shweata/ami3/target/ami3-2020.08.09_09.54-NEXT-SNAPSHOT-distribution/ami3-2020.08.09_09.54-NEXT-SNAPSHOT/repo/ami3-2020.08.09_09.54-NEXT-SNAPSHOT.jar)
JVM: 15 (Oracle Corporation Java HotSpot(TM) 64-Bit Server VM 15+36-1562)
OS: Windows 10 10.0 amd64

15:17:48.061 WARN  org.contentmine.ami.tools.AbstractAMITool - 
15:17:48.061 WARN  org.contentmine.ami.tools.AbstractAMITool - Generic values (AMISectionTool)
15:17:48.061 WARN  org.contentmine.ami.tools.AbstractAMITool - ================================
15:17:48.173 INFO  org.contentmine.ami.tools.AbstractAMITool - input basename      null
15:17:48.173 INFO  org.contentmine.ami.tools.AbstractAMITool - input basename list null
15:17:48.173 INFO  org.contentmine.ami.tools.AbstractAMITool - cproject            C:\Users\shweata\fun_projects\corpus\ethics_statement_10
15:17:48.173 INFO  org.contentmine.ami.tools.AbstractAMITool - ctree               
15:17:48.173 INFO  org.contentmine.ami.tools.AbstractAMITool - cTreeList           10 trees [C:\Users\shweata\fun_projects\corpus\ethics_state
15:17:48.173 INFO  org.contentmine.ami.tools.AbstractAMITool - excludeBase         {}
15:17:48.173 INFO  org.contentmine.ami.tools.AbstractAMITool - excludeTrees        {}
15:17:48.173 INFO  org.contentmine.ami.tools.AbstractAMITool - forceMake           false
15:17:48.173 INFO  org.contentmine.ami.tools.AbstractAMITool - includeBase         {}
15:17:48.173 INFO  org.contentmine.ami.tools.AbstractAMITool - includeTrees        null
15:17:48.173 INFO  org.contentmine.ami.tools.AbstractAMITool - log4j               {}
15:17:48.173 INFO  org.contentmine.ami.tools.AbstractAMITool - verbose             0
15:17:48.173 WARN  org.contentmine.ami.tools.AbstractAMITool - 
15:17:48.173 WARN  org.contentmine.ami.tools.AbstractAMITool - Specific values (AMISectionTool)
15:17:48.181 WARN  org.contentmine.ami.tools.AbstractAMITool - ================================
15:17:48.182 INFO  org.contentmine.ami.tools.AbstractAMITool - Command line options for 'ami section':
15:17:48.183 INFO  org.contentmine.ami.tools.AbstractAMITool - --boldsections      : d     false
15:17:48.183 INFO  org.contentmine.ami.tools.AbstractAMITool - --extract           : d [tab, fig, supplementary]
15:17:48.183 INFO  org.contentmine.ami.tools.AbstractAMITool - --html              : d      null
15:17:48.183 INFO  org.contentmine.ami.tools.AbstractAMITool - --hypertree         : d        {}
15:17:48.183 INFO  org.contentmine.ami.tools.AbstractAMITool - --sections          : d    [AUTO]
15:17:48.183 INFO  org.contentmine.ami.tools.AbstractAMITool - --sectiontype       : d       XML
15:17:48.183 INFO  org.contentmine.ami.tools.AbstractAMITool - --summary           : d        []
15:17:48.183 INFO  org.contentmine.ami.tools.AbstractAMITool - --whitespace        : d      true
15:17:48.183 INFO  org.contentmine.ami.tools.AbstractAMITool - --write             : d      true
15:17:48.183 INFO  org.contentmine.ami.tools.AbstractAMITool - --xpath             : d      null
15:17:48.183 INFO  org.contentmine.ami.tools.AbstractAMITool - --help              : d     false
15:17:48.183 INFO  org.contentmine.ami.tools.AbstractAMITool - --version           : d     false
15:17:48.183 DEBUG org.contentmine.ami.tools.AMISectionTool - sec>[]
15:17:48.183 WARN  org.contentmine.ami.tools.AbstractAMITool - AMISectionTool cTree: PMC6335119
15:17:48.362 WARN  org.contentmine.ami.tools.AbstractAMITool - AMISectionTool cTree: PMC6877437
15:17:48.607 WARN  org.contentmine.ami.tools.AbstractAMITool - AMISectionTool cTree: PMC8009016
15:17:48.644 WARN  org.contentmine.norma.sections.JATSFactory - Unknown JATS Span article-version
15:17:48.664 WARN  org.contentmine.norma.sections.JATSFactory - Unknown JATS Div support-group
15:17:48.781 WARN  org.contentmine.ami.tools.AbstractAMITool - AMISectionTool cTree: PMC8079047
15:17:48.803 WARN  org.contentmine.norma.sections.JATSFactory - Unknown JATS Span article-version
15:17:48.913 WARN  org.contentmine.ami.tools.AbstractAMITool - AMISectionTool cTree: PMC8191056
15:17:49.286 WARN  org.contentmine.ami.tools.AbstractAMITool - AMISectionTool cTree: PMC8197676
15:17:50.461 WARN  org.contentmine.ami.tools.AbstractAMITool - AMISectionTool cTree: PMC8231412
15:17:50.478 WARN  org.contentmine.norma.sections.JATSFactory - Unknown JATS Span article-version
15:17:50.640 WARN  org.contentmine.ami.tools.AbstractAMITool - AMISectionTool cTree: PMC8261109
15:17:50.919 WARN  org.contentmine.ami.tools.AbstractAMITool - AMISectionTool cTree: PMC8261119
15:17:51.069 WARN  org.contentmine.ami.tools.AbstractAMITool - AMISectionTool cTree: PMC8283995
